{"level":"error","message":"[ERROR] SECRET_KEY is not defined in environment variables"}
{"level":"error","message":"[ERROR] generateToken is not a function"}
{"level":"error","message":"[ERROR] generateToken is not a function"}
{"level":"error","message":"[ERROR] input must be a 24 character hex string, 12 byte Uint8Array, or an integer"}
{"level":"error","message":"[ERROR] input must be a 24 character hex string, 12 byte Uint8Array, or an integer"}
{"level":"error","message":"[ERROR] input must be a 24 character hex string, 12 byte Uint8Array, or an integer"}
{"level":"error","message":"[ERROR] input must be a 24 character hex string, 12 byte Uint8Array, or an integer"}
{"level":"error","message":"[ERROR] input must be a 24 character hex string, 12 byte Uint8Array, or an integer"}
{"level":"error","message":"[ERROR] input must be a 24 character hex string, 12 byte Uint8Array, or an integer"}
{"level":"error","message":"[ERROR] No result found for deviceId: bfcca327de01d70a5"}
{"level":"error","message":"[ERROR] No result found for deviceId: 2"}
{"level":"error","message":"[ERROR] No result found for deviceId: bfcca327de01d"}

{"level":"error","message":"[ERROR] Cannot set headers after they are sent to the client"}
{"level":"error","message":"[ERROR] Error toggling device: permission deny"}
{"level":"error","message":"[ERROR] Error toggling device: permission deny"}
{"level":"error","message":"[ERROR] Error toggling device: permission deny"}
{"level":"error","message":"[ERROR] Error toggling device: permission deny"}
{"level":"error","message":"[ERROR] Error toggling device: permission deny"}
{"level":"error","message":"[ERROR] Error toggling device: permission deny"}
{"level":"error","message":"[ERROR] Error toggling device: permission deny"}
{"level":"error","message":"[ERROR] Error toggling device: permission deny"}
{"level":"error","message":"[ERROR] Error toggling device: permission deny"}
{"level":"error","message":"[ERROR] Error toggling device: permission deny"}
{"level":"error","message":"[ERROR] Error toggling device: permission deny"}
{"level":"error","message":"[ERROR] Error toggling device: permission deny"}
{"level":"error","message":"[ERROR] Error toggling device: permission deny"}
{"level":"error","message":"[ERROR] Error toggling device: permission deny"}
{"level":"error","message":"[ERROR] Cannot set headers after they are sent to the client"}
{"level":"error","message":"[ERROR] Cannot set headers after they are sent to the client"}
{"level":"error","message":"[ERROR] Cannot set headers after they are sent to the client"}
{"level":"error","message":"[ERROR] Cannot set headers after they are sent to the client"}
{"level":"error","message":"[ERROR] Cannot set headers after they are sent to the client"}
{"level":"error","message":"[ERROR] Cannot set headers after they are sent to the client"}
{"level":"error","message":"[ERROR] Cannot set headers after they are sent to the client"}
{"level":"error","message":"[ERROR] Cannot set headers after they are sent to the client"}
{"level":"error","message":"[ERROR] Error toggling device: permission deny"}
{"level":"error","message":"[ERROR] Error toggling device: permission deny"}
{"level":"error","message":"[ERROR] Error toggling device: permission deny"}
{"level":"error","message":"[ERROR] Cannot set headers after they are sent to the client"}
{"level":"error","message":"[ERROR] Cannot set headers after they are sent to the client"}
{"level":"error","message":"[ERROR] Error toggling device: permission deny"}
{"level":"error","message":"[ERROR] Error toggling device: permission deny"}
{"level":"error","message":"[ERROR] Error toggling device: permission deny"}
{"level":"error","message":"[ERROR] Error toggling device: permission deny"}
{"level":"error","message":"[ERROR] Error toggling device: permission deny"}
{"level":"error","message":"[ERROR] Error toggling device: permission deny"}
{"level":"error","message":"[ERROR] Error toggling device: permission deny"}
{"level":"error","message":"[ERROR] Error toggling device: permission deny"}
{"level":"error","message":"[ERROR] Error toggling device: permission deny"}
{"level":"error","message":"[ERROR] Error toggling device: permission deny"}
{"level":"error","message":"[ERROR] Error toggling device: permission deny"}
{"level":"error","message":"[ERROR] Error toggling device: permission deny"}
{"level":"error","message":"[ERROR] Error toggling device: permission deny"}
{"level":"error","message":"[ERROR] Error toggling device: permission deny"}
{"level":"error","message":"[ERROR] Error toggling device: permission deny"}
{"level":"error","message":"[ERROR] Error toggling device: device is offline"}
{"level":"error","message":"[ERROR] Error toggling device: device is offline"}
{"level":"error","message":"[ERROR] Error toggling device: permission deny"}
{"level":"error","message":"[ERROR] Error toggling device: device is offline"}
{"level":"error","message":"[ERROR] Error toggling device: device is offline"}
{"level":"error","message":"[ERROR] Error toggling device: device is offline"}
{"level":"error","message":"[ERROR] Error toggling device: device is offline"}
{"level":"error","message":"[ERROR] Error toggling device: permission deny"}
{"level":"error","message":"[ERROR] Cannot set headers after they are sent to the client"}
{"level":"error","message":"[ERROR] Error toggling device: permission deny"}
{"level":"error","message":"[ERROR] Error toggling device: permission deny"}
